This is pdfTeX, Version 3.14159265-2.6-1.40.20 (TeX Live 2019/Debian) (preloaded format=pdflatex 2020.9.27)  28 SEP 2020 08:53
entering extended mode
 restricted \write18 enabled.
 %&-line parsing enabled.
**portada.tex
(./portada.tex
LaTeX2e <2020-02-02> patch level 2
L3 programming layer <2020-02-14>
! Undefined control sequence.
l.1 \includepdf
               [scale=0.95]{sections/portada.pdf}
The control sequence at the end of the top line
of your error message was never \def'ed. If you have
misspelled it (e.g., `\hobx'), type `I' and the correct
spelling (e.g., `I\hbox'). Otherwise just continue,
and I'll forget about whatever was undefined.


! LaTeX Error: Missing \begin{document}.

See the LaTeX manual or LaTeX Companion for explanation.
Type  H <return>  for immediate help.
 ...                                              
                                                  
l.1 \includepdf[
                scale=0.95]{sections/portada.pdf}
You're in trouble here.  Try typing  <return>  to proceed.
If that doesn't work, type  X <return>  to quit.

Missing character: There is no [ in font nullfont!
Missing character: There is no s in font nullfont!
Missing character: There is no c in font nullfont!
Missing character: There is no a in font nullfont!
Missing character: There is no l in font nullfont!
Missing character: There is no e in font nullfont!
Missing character: There is no = in font nullfont!
Missing character: There is no 0 in font nullfont!
Missing character: There is no . in font nullfont!
Missing character: There is no 9 in font nullfont!
Missing character: There is no 5 in font nullfont!
Missing character: There is no ] in font nullfont!
Missing character: There is no s in font nullfont!
Missing character: There is no e in font nullfont!
Missing character: There is no c in font nullfont!
Missing character: There is no t in font nullfont!
Missing character: There is no i in font nullfont!
Missing character: There is no o in font nullfont!
Missing character: There is no n in font nullfont!
Missing character: There is no s in font nullfont!
Missing character: There is no / in font nullfont!
Missing character: There is no p in font nullfont!
Missing character: There is no o in font nullfont!
Missing character: There is no r in font nullfont!
Missing character: There is no t in font nullfont!
Missing character: There is no a in font nullfont!
Missing character: There is no d in font nullfont!
Missing character: There is no a in font nullfont!
Missing character: There is no . in font nullfont!
Missing character: There is no p in font nullfont!
Missing character: There is no d in font nullfont!
Missing character: There is no f in font nullfont!

Overfull \hbox (20.0pt too wide) in paragraph at lines 1--2
[] 
 []

! Undefined control sequence.
l.3 \blankpage
              
The control sequence at the end of the top line
of your error message was never \def'ed. If you have
misspelled it (e.g., `\hobx'), type `I' and the correct
spelling (e.g., `I\hbox'). Otherwise just continue,
and I'll forget about whatever was undefined.


! LaTeX Error: Environment titlepage undefined.

See the LaTeX manual or LaTeX Companion for explanation.
Type  H <return>  for immediate help.
 ...                                              
                                                  
l.5 \begin{titlepage}
                     
Your command was ignored.
Type  I <command> <return>  to replace it with another command,
or  <return>  to continue without it.


! LaTeX Error: Missing \begin{document}.

See the LaTeX manual or LaTeX Companion for explanation.
Type  H <return>  for immediate help.
 ...                                              
                                                  
l.6 \begin{center}
                  
You're in trouble here.  Try typing  <return>  to proceed.
If that doesn't work, type  X <return>  to quit.


Overfull \hbox (20.0pt too wide) in paragraph at lines 6--6
[] 
 []

! Undefined control sequence.
l.7 \includegraphics
                    [scale=0.12]{logoETSIIUS.png}
The control sequence at the end of the top line
of your error message was never \def'ed. If you have
misspelled it (e.g., `\hobx'), type `I' and the correct
spelling (e.g., `I\hbox'). Otherwise just continue,
and I'll forget about whatever was undefined.

Missing character: There is no [ in font nullfont!
Missing character: There is no s in font nullfont!
Missing character: There is no c in font nullfont!
Missing character: There is no a in font nullfont!
Missing character: There is no l in font nullfont!
Missing character: There is no e in font nullfont!
Missing character: There is no = in font nullfont!
Missing character: There is no 0 in font nullfont!
Missing character: There is no . in font nullfont!
Missing character: There is no 1 in font nullfont!
Missing character: There is no 2 in font nullfont!
Missing character: There is no ] in font nullfont!
Missing character: There is no l in font nullfont!
Missing character: There is no o in font nullfont!
Missing character: There is no g in font nullfont!
Missing character: There is no o in font nullfont!
Missing character: There is no E in font nullfont!
Missing character: There is no T in font nullfont!
Missing character: There is no S in font nullfont!
Missing character: There is no I in font nullfont!
Missing character: There is no I in font nullfont!
Missing character: There is no U in font nullfont!
Missing character: There is no S in font nullfont!
Missing character: There is no . in font nullfont!
Missing character: There is no p in font nullfont!
Missing character: There is no n in font nullfont!
Missing character: There is no g in font nullfont!
! Undefined control sequence.
l.11 {\large
             \textsc{Universidad de Sevilla \\ Escuela Técnica Superior de ...
The control sequence at the end of the top line
of your error message was never \def'ed. If you have
misspelled it (e.g., `\hobx'), type `I' and the correct
spelling (e.g., `I\hbox'). Otherwise just continue,
and I'll forget about whatever was undefined.


Overfull \hbox (61.0275pt too wide) in paragraph at lines 11--11
 []\OT1/cmr/m/sc/10 Universidad 
 []


Overfull \hbox (11.82217pt too wide) in paragraph at lines 11--11
 \OT1/cmr/m/sc/10 de 
 []


Overfull \hbox (37.24422pt too wide) in paragraph at lines 11--11
 \OT1/cmr/m/sc/10 Sevilla 
 []


Overfull \hbox (40.88309pt too wide) in paragraph at lines 11--12
 []\OT1/cmr/m/sc/10 Escuela 
 []


Overfull \hbox (40.54976pt too wide) in paragraph at lines 11--12
 \OT1/cmr/m/sc/10 T[]ecnica 
 []


Overfull \hbox (16.0221pt too wide) in paragraph at lines 11--12
 \OT1/cmr/m/sc/10 Su- 
 []


Overfull \hbox (14.93323pt too wide) in paragraph at lines 11--12
 \OT1/cmr/m/sc/10 pe- 
 []


Overfull \hbox (21.42213pt too wide) in paragraph at lines 11--12
 \OT1/cmr/m/sc/10 rior 
 []


Overfull \hbox (11.82217pt too wide) in paragraph at lines 11--12
 \OT1/cmr/m/sc/10 de 
 []


Overfull \hbox (13.96655pt too wide) in paragraph at lines 11--12
 \OT1/cmr/m/sc/10 In- 
 []


Overfull \hbox (15.76656pt too wide) in paragraph at lines 11--12
 \OT1/cmr/m/sc/10 ge- 
 []


Overfull \hbox (29.91098pt too wide) in paragraph at lines 11--12
 \OT1/cmr/m/sc/10 nier[]^^Pa 
 []


Overfull \hbox (13.96655pt too wide) in paragraph at lines 11--12
 \OT1/cmr/m/sc/10 In- 
 []


Overfull \hbox (55.28305pt too wide) in paragraph at lines 11--12
 \OT1/cmr/m/sc/10 form[]atica. 
 []

! Undefined control sequence.
l.15 {\large
             \textsc{G.I.I. Tecnologías Informáticas.}}
The control sequence at the end of the top line
of your error message was never \def'ed. If you have
misspelled it (e.g., `\hobx'), type `I' and the correct
spelling (e.g., `I\hbox'). Otherwise just continue,
and I'll forget about whatever was undefined.


Overfull \hbox (26.208pt too wide) in paragraph at lines 15--16
 []\OT1/cmr/m/sc/10 G.I.I. 
 []


Overfull \hbox (23.1276pt too wide) in paragraph at lines 15--16
 \OT1/cmr/m/sc/10 Tec- 
 []


Overfull \hbox (44.12202pt too wide) in paragraph at lines 15--16
 \OT1/cmr/m/sc/10 nolog[]^^Pas 
 []


Overfull \hbox (13.96655pt too wide) in paragraph at lines 15--16
 \OT1/cmr/m/sc/10 In- 
 []


Overfull \hbox (59.86081pt too wide) in paragraph at lines 15--16
 \OT1/cmr/m/sc/10 form[]aticas. 
 []

! Undefined control sequence.
l.19 {\large
             \textsc{Trabajo de Fin de Grado}}
The control sequence at the end of the top line
of your error message was never \def'ed. If you have
misspelled it (e.g., `\hobx'), type `I' and the correct
spelling (e.g., `I\hbox'). Otherwise just continue,
and I'll forget about whatever was undefined.


Overfull \hbox (42.54982pt too wide) in paragraph at lines 19--20
 []\OT1/cmr/m/sc/10 Trabajo 
 []


Overfull \hbox (11.82217pt too wide) in paragraph at lines 19--20
 \OT1/cmr/m/sc/10 de 
 []


Overfull \hbox (16.28046pt too wide) in paragraph at lines 19--20
 \OT1/cmr/m/sc/10 Fin 
 []


Overfull \hbox (11.82217pt too wide) in paragraph at lines 19--20
 \OT1/cmr/m/sc/10 de 
 []


Overfull \hbox (33.26929pt too wide) in paragraph at lines 19--20
 \OT1/cmr/m/sc/10 Grado 
 []

! Undefined control sequence.
l.24 {\LARGE
             LogicUS: La Lógica Proposicional y la Lógica de Primer Orden ...
The control sequence at the end of the top line
of your error message was never \def'ed. If you have
misspelled it (e.g., `\hobx'), type `I' and the correct
spelling (e.g., `I\hbox'). Otherwise just continue,
and I'll forget about whatever was undefined.

Missing character: There is no L in font nullfont!
Missing character: There is no o in font nullfont!
Missing character: There is no g in font nullfont!
Missing character: There is no i in font nullfont!
Missing character: There is no c in font nullfont!
Missing character: There is no U in font nullfont!
Missing character: There is no S in font nullfont!
Missing character: There is no : in font nullfont!
Missing character: There is no L in font nullfont!
Missing character: There is no a in font nullfont!
Missing character: There is no L in font nullfont!
LaTeX Font Info:    Trying to load font information for +cmr on input line 24.
LaTeX Font Info:    No file cmr.fd. on input line 24.

LaTeX Font Warning: Font shape `/cmr/m/n' undefined
(Font)              using `/cmr/m/n' instead on input line 24.

! Corrupted NFSS tables.
wrong@fontshape ...message {Corrupted NFSS tables}
                                                  error@fontshape else let f...
l.24 {\LARGE LogicUS: La Ló
                            gica Proposicional y la Lógica de Primer Orden ...
This error message was generated by an \errmessage
command, so I can't give any explicit help.
Pretend that you're Hercule Poirot: Examine all clues,
and deduce the truth by order and method.


LaTeX Font Warning: Font shape `/cmr/m/n' undefined
(Font)              using `OT1/cmr/m/n' instead on input line 24.

Missing character: There is no g in font nullfont!
Missing character: There is no i in font nullfont!
Missing character: There is no c in font nullfont!
Missing character: There is no a in font nullfont!
Missing character: There is no P in font nullfont!
Missing character: There is no r in font nullfont!
Missing character: There is no o in font nullfont!
Missing character: There is no p in font nullfont!
Missing character: There is no o in font nullfont!
Missing character: There is no s in font nullfont!
Missing character: There is no i in font nullfont!
Missing character: There is no c in font nullfont!
Missing character: There is no i in font nullfont!
Missing character: There is no o in font nullfont!
Missing character: There is no n in font nullfont!
Missing character: There is no a in font nullfont!
Missing character: There is no l in font nullfont!
Missing character: There is no y in font nullfont!
Missing character: There is no l in font nullfont!
Missing character: There is no a in font nullfont!
Missing character: There is no L in font nullfont!
Missing character: There is no g in font nullfont!
Missing character: There is no i in font nullfont!
Missing character: There is no c in font nullfont!
Missing character: There is no a in font nullfont!
Missing character: There is no d in font nullfont!
Missing character: There is no e in font nullfont!
Missing character: There is no P in font nullfont!
Missing character: There is no r in font nullfont!
Missing character: There is no i in font nullfont!
Missing character: There is no m in font nullfont!
Missing character: There is no e in font nullfont!
Missing character: There is no r in font nullfont!
Missing character: There is no O in font nullfont!
Missing character: There is no r in font nullfont!
Missing character: There is no d in font nullfont!
Missing character: There is no e in font nullfont!
Missing character: There is no n in font nullfont!
Missing character: There is no b in font nullfont!
Missing character: There is no a in font nullfont!
Missing character: There is no j in font nullfont!
Missing character: There is no o in font nullfont!
Missing character: There is no e in font nullfont!
Missing character: There is no l in font nullfont!
Missing character: There is no p in font nullfont!
Missing character: There is no a in font nullfont!
Missing character: There is no r in font nullfont!
Missing character: There is no a in font nullfont!
Missing character: There is no d in font nullfont!
Missing character: There is no i in font nullfont!
Missing character: There is no g in font nullfont!
Missing character: There is no m in font nullfont!
Missing character: There is no a in font nullfont!
Missing character: There is no f in font nullfont!
Missing character: There is no u in font nullfont!
Missing character: There is no n in font nullfont!
Missing character: There is no c in font nullfont!
Missing character: There is no i in font nullfont!
Missing character: There is no o in font nullfont!
Missing character: There is no n in font nullfont!
Missing character: There is no a in font nullfont!
Missing character: There is no l in font nullfont!
Missing character: There is no y in font nullfont!
Missing character: There is no l in font nullfont!
Missing character: There is no a in font nullfont!
Missing character: There is no o in font nullfont!
Missing character: There is no r in font nullfont!
Missing character: There is no i in font nullfont!
Missing character: There is no e in font nullfont!
Missing character: There is no n in font nullfont!
Missing character: There is no t in font nullfont!
Missing character: There is no a in font nullfont!
Missing character: There is no c in font nullfont!
Missing character: There is no i in font nullfont!
Missing character: There is no n in font nullfont!
Missing character: There is no W in font nullfont!
Missing character: There is no e in font nullfont!
Missing character: There is no b in font nullfont!
Missing character: There is no . in font nullfont!

Overfull \hbox (10.00003pt too wide) in paragraph at lines 24--25
 \/cmr/m/n/10 ^^So 
 []


Overfull \hbox (5.00002pt too wide) in paragraph at lines 24--25
 \/cmr/m/n/10 ^^So 
 []


Overfull \hbox (5.00002pt too wide) in paragraph at lines 24--25
 \/cmr/m/n/10 ^^So 
 []

! Undefined control sequence.
l.28 {\large
             \textsc{Realizado por:}}
The control sequence at the end of the top line
of your error message was never \def'ed. If you have
misspelled it (e.g., `\hobx'), type `I' and the correct
spelling (e.g., `I\hbox'). Otherwise just continue,
and I'll forget about whatever was undefined.


Overfull \hbox (51.62196pt too wide) in paragraph at lines 28--29
 []\OT1/cmr/m/sc/10 Realizado 
 []


Overfull \hbox (21.14987pt too wide) in paragraph at lines 28--29
 \OT1/cmr/m/sc/10 por: 
 []

! Undefined control sequence.
l.30 {\large
             Ramos González, Víctor}
The control sequence at the end of the top line
of your error message was never \def'ed. If you have
misspelled it (e.g., `\hobx'), type `I' and the correct
spelling (e.g., `I\hbox'). Otherwise just continue,
and I'll forget about whatever was undefined.

Missing character: There is no R in font nullfont!
Missing character: There is no a in font nullfont!
Missing character: There is no m in font nullfont!
Missing character: There is no o in font nullfont!
Missing character: There is no s in font nullfont!
Missing character: There is no G in font nullfont!
Missing character: There is no o in font nullfont!
Missing character: There is no n in font nullfont!
Missing character: There is no z in font nullfont!
Missing character: There is no l in font nullfont!
Missing character: There is no e in font nullfont!
Missing character: There is no z in font nullfont!
Missing character: There is no , in font nullfont!
Missing character: There is no V in font nullfont!
Missing character: There is no c in font nullfont!
Missing character: There is no t in font nullfont!
Missing character: There is no o in font nullfont!
Missing character: There is no r in font nullfont!

Overfull \hbox (5.00002pt too wide) in paragraph at lines 30--31
 \/cmr/m/n/10 ^^Sa 
 []


Overfull \hbox (2.77779pt too wide) in paragraph at lines 30--31
 \/cmr/m/n/10 ^^S^^P 
 []

! Undefined control sequence.
l.34 {\large
             \textsc{Dirigido por:}}
The control sequence at the end of the top line
of your error message was never \def'ed. If you have
misspelled it (e.g., `\hobx'), type `I' and the correct
spelling (e.g., `I\hbox'). Otherwise just continue,
and I'll forget about whatever was undefined.


Overfull \hbox (42.39143pt too wide) in paragraph at lines 34--35
 []\OT1/cmr/m/sc/10 Dirigido 
 []


Overfull \hbox (21.14987pt too wide) in paragraph at lines 34--35
 \OT1/cmr/m/sc/10 por: 
 []

! Undefined control sequence.
l.36 {\large
             D. Fernando Sancho Caparrini}
The control sequence at the end of the top line
of your error message was never \def'ed. If you have
misspelled it (e.g., `\hobx'), type `I' and the correct
spelling (e.g., `I\hbox'). Otherwise just continue,
and I'll forget about whatever was undefined.

Missing character: There is no D in font nullfont!
Missing character: There is no . in font nullfont!
Missing character: There is no F in font nullfont!
Missing character: There is no e in font nullfont!
Missing character: There is no r in font nullfont!
Missing character: There is no n in font nullfont!
Missing character: There is no a in font nullfont!
Missing character: There is no n in font nullfont!
Missing character: There is no d in font nullfont!
Missing character: There is no o in font nullfont!
Missing character: There is no S in font nullfont!
Missing character: There is no a in font nullfont!
Missing character: There is no n in font nullfont!
Missing character: There is no c in font nullfont!
Missing character: There is no h in font nullfont!
Missing character: There is no o in font nullfont!
Missing character: There is no C in font nullfont!
Missing character: There is no a in font nullfont!
Missing character: There is no p in font nullfont!
Missing character: There is no a in font nullfont!
Missing character: There is no r in font nullfont!
Missing character: There is no r in font nullfont!
Missing character: There is no i in font nullfont!
Missing character: There is no n in font nullfont!
Missing character: There is no i in font nullfont!
! Undefined control sequence.
l.40 {\large
             \textsc{Departamento}}
The control sequence at the end of the top line
of your error message was never \def'ed. If you have
misspelled it (e.g., `\hobx'), type `I' and the correct
spelling (e.g., `I\hbox'). Otherwise just continue,
and I'll forget about whatever was undefined.


Overfull \hbox (73.09122pt too wide) in paragraph at lines 40--41
 []\OT1/cmr/m/sc/10 Departamento 
 []

! Undefined control sequence.
l.42 {\large
             Ciencias de la Computación e Inteligencia Artificial.}
The control sequence at the end of the top line
of your error message was never \def'ed. If you have
misspelled it (e.g., `\hobx'), type `I' and the correct
spelling (e.g., `I\hbox'). Otherwise just continue,
and I'll forget about whatever was undefined.

Missing character: There is no C in font nullfont!
Missing character: There is no i in font nullfont!
Missing character: There is no e in font nullfont!
Missing character: There is no n in font nullfont!
Missing character: There is no c in font nullfont!
Missing character: There is no i in font nullfont!
Missing character: There is no a in font nullfont!
Missing character: There is no s in font nullfont!
Missing character: There is no d in font nullfont!
Missing character: There is no e in font nullfont!
Missing character: There is no l in font nullfont!
Missing character: There is no a in font nullfont!
Missing character: There is no C in font nullfont!
Missing character: There is no o in font nullfont!
Missing character: There is no m in font nullfont!
Missing character: There is no p in font nullfont!
Missing character: There is no u in font nullfont!
Missing character: There is no t in font nullfont!
Missing character: There is no a in font nullfont!
Missing character: There is no c in font nullfont!
Missing character: There is no i in font nullfont!
Missing character: There is no n in font nullfont!
Missing character: There is no e in font nullfont!
Missing character: There is no I in font nullfont!
Missing character: There is no n in font nullfont!
Missing character: There is no t in font nullfont!
Missing character: There is no e in font nullfont!
Missing character: There is no l in font nullfont!
Missing character: There is no i in font nullfont!
Missing character: There is no g in font nullfont!
Missing character: There is no e in font nullfont!
Missing character: There is no n in font nullfont!
Missing character: There is no c in font nullfont!
Missing character: There is no i in font nullfont!
Missing character: There is no a in font nullfont!
Missing character: There is no A in font nullfont!
Missing character: There is no r in font nullfont!
Missing character: There is no t in font nullfont!
Missing character: There is no i in font nullfont!
Missing character: There is no f in font nullfont!
Missing character: There is no i in font nullfont!
Missing character: There is no c in font nullfont!
Missing character: There is no i in font nullfont!
Missing character: There is no a in font nullfont!
Missing character: There is no l in font nullfont!
Missing character: There is no . in font nullfont!

Overfull \hbox (5.00002pt too wide) in paragraph at lines 42--43
 \/cmr/m/n/10 ^^So 
 []


Overfull \hbox (20.0pt too wide) in paragraph at lines 46--46
[] 
 []


Overfull \hbox (28.62204pt too wide) in paragraph at lines 47--48
 \OT1/cmr/m/it/10 Sevilla
 []


Overfull \hbox (5.11108pt too wide) in paragraph at lines 47--48
 \OT1/cmr/m/it/10 a
 []


Overfull \hbox (9.19995pt too wide) in paragraph at lines 47--48
 \OT1/cmr/m/it/10 ...
 []


Overfull \hbox (9.71104pt too wide) in paragraph at lines 47--48
 \OT1/cmr/m/it/10 de
 []


Overfull \hbox (9.19995pt too wide) in paragraph at lines 47--48
 \OT1/cmr/m/it/10 ...
 []


Overfull \hbox (12.26659pt too wide) in paragraph at lines 47--48
 \OT1/cmr/m/it/10 del
 []


Overfull \hbox (20.44434pt too wide) in paragraph at lines 47--48
 \OT1/cmr/m/it/10 2021
 []


! LaTeX Error: \begin{document} ended by \end{titlepage}.

See the LaTeX manual or LaTeX Companion for explanation.
Type  H <return>  for immediate help.
 ...                                              
                                                  
l.49 \end{titlepage}
                    
Your command was ignored.
Type  I <command> <return>  to replace it with another command,
or  <return>  to continue without it.

)
! Emergency stop.
<*> portada.tex
               
*** (job aborted, no legal \end found)

 
Here is how much of TeX's memory you used:
 36 strings out of 481239
 549 string characters out of 5920377
 238562 words of memory out of 5000000
 15401 multiletter control sequences out of 15000+600000
 532985 words of font info for 26 fonts, out of 8000000 for 9000
 1141 hyphenation exceptions out of 8191
 17i,1n,16p,163b,140s stack positions out of 5000i,500n,10000p,200000b,80000s
!  ==> Fatal error occurred, no output PDF file produced!
